#
# There is insufficient memory for the Java Runtime Environment to continue.
# Cannot create GC thread. Out of system resources.
# Possible reasons:
#   The system is out of physical RAM or swap space
#   In 32 bit mode, the process size limit was hit
# Possible solutions:
#   Reduce memory load on the system
#   Increase physical memory or swap space
#   Check if swap backing store is full
#   Use 64 bit Java on a 64 bit OS
#   Decrease Java heap size (-Xmx/-Xms)
#   Decrease number of Java threads
#   Decrease Java thread stack sizes (-Xss)
#   Set larger code cache with -XX:ReservedCodeCacheSize=
# This output file may be truncated or incomplete.
#
#  Out of Memory Error (gcTaskThread.cpp:48), pid=68741, tid=139851250308928
#
# JRE version:  (8.0_71-b15) (build )
# Java VM: OpenJDK 64-Bit Server VM (25.71-b15 mixed mode linux-amd64 compressed oops)
# Failed to write core dump. Core dumps have been disabled. To enable core dumping, try "ulimit -c unlimited" before starting Java again
#

---------------  T H R E A D  ---------------

Current thread (0x00000000012d0000):  JavaThread "Unknown thread" [_thread_in_vm, id=68741, stack(0x00007ffe1a581000,0x00007ffe1a681000)]

Stack: [0x00007ffe1a581000,0x00007ffe1a681000],  sp=0x00007ffe1a67a170,  free space=996k
Native frames: (J=compiled Java code, j=interpreted, Vv=VM code, C=native code)
V  [libjvm.so+0xa0854d]
V  [libjvm.so+0x4c4cca]
V  [libjvm.so+0x59191f]
V  [libjvm.so+0x590ae7]
V  [libjvm.so+0x890654]
V  [libjvm.so+0x9d2df9]
V  [libjvm.so+0x9d3102]
V  [libjvm.so+0x5ef295]
V  [libjvm.so+0x9b702e]
V  [libjvm.so+0x661c95]  JNI_CreateJavaVM+0x65
C  [libjli.so+0x30a7]
C  [libjli.so+0x84b9]
C  [libjli.so+0x4ba2]
C  [libjli.so+0x5822]  JLI_Launch+0xaf2
C  [java+0x68c]
C  [libc.so.6+0x21b15]  __libc_start_main+0xf5


---------------  P R O C E S S  ---------------

Java Threads: ( => current thread )

Other Threads:

=>0x00000000012d0000 (exited) JavaThread "Unknown thread" [_thread_in_vm, id=68741, stack(0x00007ffe1a581000,0x00007ffe1a681000)]

VM state:not at safepoint (not fully initialized)

VM Mutex/Monitor currently owned by a thread: None

GC Heap History (0 events):
No events

Deoptimization events (0 events):
No events

Internal exceptions (0 events):
No events

Events (0 events):
No events


Dynamic libraries:
00400000-00401000 r-xp 00000000 fd:00 832031                             /usr/lib/jvm/java-1.8.0-openjdk-1.8.0.71-2.b15.el7_2.x86_64/jre/bin/java
00600000-00601000 r--p 00000000 fd:00 832031                             /usr/lib/jvm/java-1.8.0-openjdk-1.8.0.71-2.b15.el7_2.x86_64/jre/bin/java
00601000-00602000 rw-p 00001000 fd:00 832031                             /usr/lib/jvm/java-1.8.0-openjdk-1.8.0.71-2.b15.el7_2.x86_64/jre/bin/java
012c4000-01306000 rw-p 00000000 00:00 0                                  [heap]
d3a00000-d5900000 rw-p 00000000 00:00 0 
d5900000-f1380000 ---p 00000000 00:00 0 
f1380000-f2280000 rw-p 00000000 00:00 0 
f2280000-100000000 ---p 00000000 00:00 0 
7f3195c98000-7f3195ca8000 rw-p 00000000 00:00 0 
7f3195ca8000-7f3195d84000 ---p 00000000 00:00 0 
7f3195d84000-7f3195d8d000 rw-p 00000000 00:00 0 
7f3195d8d000-7f3195dfb000 ---p 00000000 00:00 0 
7f3195dfb000-7f3195e06000 rw-p 00000000 00:00 0 
7f3195e06000-7f31961bc000 ---p 00000000 00:00 0 
7f31961bc000-7f319642c000 rwxp 00000000 00:00 0 
7f319642c000-7f31a51bc000 ---p 00000000 00:00 0 
7f31a51bc000-7f31a51c4000 r-xp 00000000 fd:00 136213753                  /usr/lib/jvm/java-1.8.0-openjdk-1.8.0.71-2.b15.el7_2.x86_64/jre/lib/amd64/libzip.so
7f31a51c4000-7f31a53c3000 ---p 00008000 fd:00 136213753                  /usr/lib/jvm/java-1.8.0-openjdk-1.8.0.71-2.b15.el7_2.x86_64/jre/lib/amd64/libzip.so
7f31a53c3000-7f31a53c4000 r--p 00007000 fd:00 136213753                  /usr/lib/jvm/java-1.8.0-openjdk-1.8.0.71-2.b15.el7_2.x86_64/jre/lib/amd64/libzip.so
7f31a53c4000-7f31a53c5000 rw-p 00008000 fd:00 136213753                  /usr/lib/jvm/java-1.8.0-openjdk-1.8.0.71-2.b15.el7_2.x86_64/jre/lib/amd64/libzip.so
7f31a53cc000-7f31a53d8000 r-xp 00000000 fd:00 140454986                  /usr/lib64/libnss_files-2.17.so
7f31a53d8000-7f31a55d7000 ---p 0000c000 fd:00 140454986                  /usr/lib64/libnss_files-2.17.so
7f31a55d7000-7f31a55d8000 r--p 0000b000 fd:00 140454986                  /usr/lib64/libnss_files-2.17.so
7f31a55d8000-7f31a55d9000 rw-p 0000c000 fd:00 140454986                  /usr/lib64/libnss_files-2.17.so
7f31a55d9000-7f31a55df000 rw-p 00000000 00:00 0 
7f31a55e4000-7f31a5611000 r-xp 00000000 fd:00 136213736                  /usr/lib/jvm/java-1.8.0-openjdk-1.8.0.71-2.b15.el7_2.x86_64/jre/lib/amd64/libjava.so
7f31a5611000-7f31a5810000 ---p 0002d000 fd:00 136213736                  /usr/lib/jvm/java-1.8.0-openjdk-1.8.0.71-2.b15.el7_2.x86_64/jre/lib/amd64/libjava.so
7f31a5810000-7f31a5811000 r--p 0002c000 fd:00 136213736                  /usr/lib/jvm/java-1.8.0-openjdk-1.8.0.71-2.b15.el7_2.x86_64/jre/lib/amd64/libjava.so
7f31a5811000-7f31a5813000 rw-p 0002d000 fd:00 136213736                  /usr/lib/jvm/java-1.8.0-openjdk-1.8.0.71-2.b15.el7_2.x86_64/jre/lib/amd64/libjava.so
7f31a5814000-7f31a5821000 r-xp 00000000 fd:00 136213752                  /usr/lib/jvm/java-1.8.0-openjdk-1.8.0.71-2.b15.el7_2.x86_64/jre/lib/amd64/libverify.so
7f31a5821000-7f31a5a20000 ---p 0000d000 fd:00 136213752                  /usr/lib/jvm/java-1.8.0-openjdk-1.8.0.71-2.b15.el7_2.x86_64/jre/lib/amd64/libverify.so
7f31a5a20000-7f31a5a22000 r--p 0000c000 fd:00 136213752                  /usr/lib/jvm/java-1.8.0-openjdk-1.8.0.71-2.b15.el7_2.x86_64/jre/lib/amd64/libverify.so
7f31a5a22000-7f31a5a23000 rw-p 0000e000 fd:00 136213752                  /usr/lib/jvm/java-1.8.0-openjdk-1.8.0.71-2.b15.el7_2.x86_64/jre/lib/amd64/libverify.so
7f31a5a24000-7f31a5a2b000 r-xp 00000000 fd:00 140454998                  /usr/lib64/librt-2.17.so
7f31a5a2b000-7f31a5c2a000 ---p 00007000 fd:00 140454998                  /usr/lib64/librt-2.17.so
7f31a5c2a000-7f31a5c2b000 r--p 00006000 fd:00 140454998                  /usr/lib64/librt-2.17.so
7f31a5c2b000-7f31a5c2c000 rw-p 00007000 fd:00 140454998                  /usr/lib64/librt-2.17.so
7f31a5c2c000-7f31a5c41000 r-xp 00000000 fd:00 134294601                  /usr/lib64/libgcc_s-4.8.5-20150702.so.1
7f31a5c41000-7f31a5e40000 ---p 00015000 fd:00 134294601                  /usr/lib64/libgcc_s-4.8.5-20150702.so.1
7f31a5e40000-7f31a5e41000 r--p 00014000 fd:00 134294601                  /usr/lib64/libgcc_s-4.8.5-20150702.so.1
7f31a5e41000-7f31a5e42000 rw-p 00015000 fd:00 134294601                  /usr/lib64/libgcc_s-4.8.5-20150702.so.1
7f31a5e44000-7f31a5f45000 r-xp 00000000 fd:00 134745913                  /usr/lib64/libm-2.17.so
7f31a5f45000-7f31a6144000 ---p 00101000 fd:00 134745913                  /usr/lib64/libm-2.17.so
7f31a6144000-7f31a6145000 r--p 00100000 fd:00 134745913                  /usr/lib64/libm-2.17.so
7f31a6145000-7f31a6146000 rw-p 00101000 fd:00 134745913                  /usr/lib64/libm-2.17.so
7f31a614c000-7f31a6235000 r-xp 00000000 fd:00 134752262                  /usr/lib64/libstdc++.so.6.0.19
7f31a6235000-7f31a6435000 ---p 000e9000 fd:00 134752262                  /usr/lib64/libstdc++.so.6.0.19
7f31a6435000-7f31a643d000 r--p 000e9000 fd:00 134752262                  /usr/lib64/libstdc++.so.6.0.19
7f31a643d000-7f31a643f000 rw-p 000f1000 fd:00 134752262                  /usr/lib64/libstdc++.so.6.0.19
7f31a643f000-7f31a6454000 rw-p 00000000 00:00 0 
7f31a6454000-7f31a7058000 r-xp 00000000 fd:00 71293515                   /usr/lib/jvm/java-1.8.0-openjdk-1.8.0.71-2.b15.el7_2.x86_64/jre/lib/amd64/server/libjvm.so
7f31a7058000-7f31a7257000 ---p 00c04000 fd:00 71293515                   /usr/lib/jvm/java-1.8.0-openjdk-1.8.0.71-2.b15.el7_2.x86_64/jre/lib/amd64/server/libjvm.so
7f31a7257000-7f31a72f6000 r--p 00c03000 fd:00 71293515                   /usr/lib/jvm/java-1.8.0-openjdk-1.8.0.71-2.b15.el7_2.x86_64/jre/lib/amd64/server/libjvm.so
7f31a72f6000-7f31a731f000 rw-p 00ca2000 fd:00 71293515                   /usr/lib/jvm/java-1.8.0-openjdk-1.8.0.71-2.b15.el7_2.x86_64/jre/lib/amd64/server/libjvm.so
7f31a731f000-7f31a734f000 rw-p 00000000 00:00 0 
7f31a7354000-7f31a750a000 r-xp 00000000 fd:00 134745903                  /usr/lib64/libc-2.17.so
7f31a750a000-7f31a770a000 ---p 001b6000 fd:00 134745903                  /usr/lib64/libc-2.17.so
7f31a770a000-7f31a770e000 r--p 001b6000 fd:00 134745903                  /usr/lib64/libc-2.17.so
7f31a770e000-7f31a7710000 rw-p 001ba000 fd:00 134745903                  /usr/lib64/libc-2.17.so
7f31a7710000-7f31a7715000 rw-p 00000000 00:00 0 
7f31a771c000-7f31a771f000 r-xp 00000000 fd:00 134745910                  /usr/lib64/libdl-2.17.so
7f31a771f000-7f31a791e000 ---p 00003000 fd:00 134745910                  /usr/lib64/libdl-2.17.so
7f31a791e000-7f31a791f000 r--p 00002000 fd:00 134745910                  /usr/lib64/libdl-2.17.so
7f31a791f000-7f31a7920000 rw-p 00003000 fd:00 134745910                  /usr/lib64/libdl-2.17.so
7f31a7924000-7f31a7932000 r-xp 00000000 fd:00 832106                     /usr/lib/jvm/java-1.8.0-openjdk-1.8.0.71-2.b15.el7_2.x86_64/jre/lib/amd64/jli/libjli.so
7f31a7932000-7f31a7b31000 ---p 0000e000 fd:00 832106                     /usr/lib/jvm/java-1.8.0-openjdk-1.8.0.71-2.b15.el7_2.x86_64/jre/lib/amd64/jli/libjli.so
7f31a7b31000-7f31a7b32000 r--p 0000d000 fd:00 832106                     /usr/lib/jvm/java-1.8.0-openjdk-1.8.0.71-2.b15.el7_2.x86_64/jre/lib/amd64/jli/libjli.so
7f31a7b32000-7f31a7b33000 rw-p 0000e000 fd:00 832106                     /usr/lib/jvm/java-1.8.0-openjdk-1.8.0.71-2.b15.el7_2.x86_64/jre/lib/amd64/jli/libjli.so
7f31a7b34000-7f31a7b49000 r-xp 00000000 fd:00 134331411                  /usr/lib64/libz.so.1.2.7
7f31a7b49000-7f31a7d48000 ---p 00015000 fd:00 134331411                  /usr/lib64/libz.so.1.2.7
7f31a7d48000-7f31a7d49000 r--p 00014000 fd:00 134331411                  /usr/lib64/libz.so.1.2.7
7f31a7d49000-7f31a7d4a000 rw-p 00015000 fd:00 134331411                  /usr/lib64/libz.so.1.2.7
7f31a7d4c000-7f31a7d62000 r-xp 00000000 fd:00 140454994                  /usr/lib64/libpthread-2.17.so
7f31a7d62000-7f31a7f62000 ---p 00016000 fd:00 140454994                  /usr/lib64/libpthread-2.17.so
7f31a7f62000-7f31a7f63000 r--p 00016000 fd:00 140454994                  /usr/lib64/libpthread-2.17.so
7f31a7f63000-7f31a7f64000 rw-p 00017000 fd:00 140454994                  /usr/lib64/libpthread-2.17.so
7f31a7f64000-7f31a7f68000 rw-p 00000000 00:00 0 
7f31a7f6c000-7f31a7f8d000 r-xp 00000000 fd:00 140454975                  /usr/lib64/ld-2.17.so
7f31a7f8e000-7f31a7f9f000 rw-p 00000000 00:00 0 
7f31a7f9f000-7f31a807c000 ---p 00000000 00:00 0 
7f31a807c000-7f31a8084000 rw-s 00000000 fd:00 206983474                  /tmp/hsperfdata_dev/68741
7f31a8084000-7f31a8087000 rw-p 00000000 00:00 0 
7f31a8087000-7f31a8088000 r--p 00000000 00:00 0 
7f31a8088000-7f31a8089000 ---p 00000000 00:00 0 
7f31a8089000-7f31a818d000 rw-p 00000000 00:00 0 
7f31a818d000-7f31a818e000 r--p 00021000 fd:00 140454975                  /usr/lib64/ld-2.17.so
7f31a818e000-7f31a818f000 rw-p 00022000 fd:00 140454975                  /usr/lib64/ld-2.17.so
7f31a818f000-7f31a8191000 rw-p 00000000 00:00 0 
7f31a8191000-7f31a8192000 rw-p 00000000 00:00 0 
7ffe1a581000-7ffe1a584000 ---p 00000000 00:00 0 
7ffe1a585000-7ffe1a681000 rw-p 00000000 00:00 0                          [stack]
7ffe1a6a4000-7ffe1a6a6000 r-xp 00000000 00:00 0                          [vdso]
ffffffffff600000-ffffffffff601000 r-xp 00000000 00:00 0                  [vsyscall]

VM Arguments:
jvm_args: -Dfile.encoding=UTF-8 
java_command: SumOfNumbers
java_class_path (initial): /home/dev/NetBeansProjects/2013-OOProgrammingWithJava-PART1/week3-043.SumOfNumbers/build/classes
Launcher Type: SUN_STANDARD

Environment Variables:
PATH=/usr/local/bin:/bin:/usr/bin:/usr/local/sbin:/usr/sbin:/home/dev/.local/bin:/home/dev/bin
LD_LIBRARY_PATH=/usr/lib/jvm/java-1.8.0-openjdk-1.8.0.71-2.b15.el7_2.x86_64/bin/../jre/lib/amd64:/usr/lib/jvm/java-1.8.0-openjdk-1.8.0.71-2.b15.el7_2.x86_64/bin/../jre/lib/i386:
SHELL=/bin/bash
DISPLAY=:0

Signal Handlers:
SIGSEGV: [libjvm.so+0xa09060], sa_mask[0]=11111111011111111101111111111110, sa_flags=SA_RESTART|SA_SIGINFO
SIGBUS: [libjvm.so+0xa09060], sa_mask[0]=11111111011111111101111111111110, sa_flags=SA_RESTART|SA_SIGINFO
SIGFPE: [libjvm.so+0x867b90], sa_mask[0]=11111111011111111101111111111110, sa_flags=SA_RESTART|SA_SIGINFO
SIGPIPE: [libjvm.so+0x867b90], sa_mask[0]=11111111011111111101111111111110, sa_flags=SA_RESTART|SA_SIGINFO
SIGXFSZ: [libjvm.so+0x867b90], sa_mask[0]=11111111011111111101111111111110, sa_flags=SA_RESTART|SA_SIGINFO
SIGILL: [libjvm.so+0x867b90], sa_mask[0]=11111111011111111101111111111110, sa_flags=SA_RESTART|SA_SIGINFO
SIGUSR1: SIG_DFL, sa_mask[0]=00000000000000000000000000000000, sa_flags=none
SIGUSR2: [libjvm.so+0x867a40], sa_mask[0]=00100000000000000000000000000000, sa_flags=SA_RESTART|SA_SIGINFO
SIGHUP: SIG_DFL, sa_mask[0]=00000000000000000000000000000000, sa_flags=none
SIGINT: SIG_IGN, sa_mask[0]=00000000000000000000000000000000, sa_flags=none
SIGTERM: SIG_DFL, sa_mask[0]=00000000000000000000000000000000, sa_flags=none
SIGQUIT: SIG_DFL, sa_mask[0]=00000000000000000000000000000000, sa_flags=none


---------------  S Y S T E M  ---------------

OS:CentOS Linux release 7.2.1511 (Core) 

uname:Linux 3.10.0-327.10.1.el7.x86_64 #1 SMP Tue Feb 16 17:03:50 UTC 2016 x86_64
libc:glibc 2.17 NPTL 2.17 
rlimit: STACK 8192k, CORE 0k, NPROC 4096, NOFILE 4096, AS infinity
load average:0.48 0.25 0.18

/proc/meminfo:
MemTotal:        2900880 kB
MemFree:           79708 kB
MemAvailable:     109892 kB
Buffers:               0 kB
Cached:           118652 kB
SwapCached:        27044 kB
Active:          1938044 kB
Inactive:         535852 kB
Active(anon):    1880708 kB
Inactive(anon):   485104 kB
Active(file):      57336 kB
Inactive(file):    50748 kB
Unevictable:           0 kB
Mlocked:               0 kB
SwapTotal:       2097148 kB
SwapFree:        1335140 kB
Dirty:                96 kB
Writeback:             0 kB
AnonPages:       2339440 kB
Mapped:            51272 kB
Shmem:             10520 kB
Slab:             153236 kB
SReclaimable:      64900 kB
SUnreclaim:        88336 kB
KernelStack:       74448 kB
PageTables:        45392 kB
NFS_Unstable:          0 kB
Bounce:                0 kB
WritebackTmp:          0 kB
CommitLimit:     3547588 kB
Committed_AS:   12535080 kB
VmallocTotal:   34359738367 kB
VmallocUsed:      175924 kB
VmallocChunk:   34359540964 kB
HardwareCorrupted:     0 kB
AnonHugePages:   1034240 kB
HugePages_Total:       0
HugePages_Free:        0
HugePages_Rsvd:        0
HugePages_Surp:        0
Hugepagesize:       2048 kB
DirectMap4k:       77696 kB
DirectMap2M:     2019328 kB
DirectMap1G:     1048576 kB


CPU:total 2 (1 cores per cpu, 1 threads per core) family 21 model 2 stepping 0, cmov, cx8, fxsr, mmx, sse, sse2, sse3, ssse3, sse4.1, sse4.2, popcnt, avx, aes, clmul, mmxext, 3dnowpref, lzcnt, sse4a, tsc, tscinvbit, tscinv, bmi1

/proc/cpuinfo:
processor	: 0
vendor_id	: AuthenticAMD
cpu family	: 21
model		: 2
model name	: AMD FX(tm)-8350 Eight-Core Processor
stepping	: 0
microcode	: 0x6000822
cpu MHz		: 4013.459
cache size	: 2048 KB
physical id	: 0
siblings	: 1
core id		: 0
cpu cores	: 1
apicid		: 0
initial apicid	: 0
fpu		: yes
fpu_exception	: yes
cpuid level	: 13
wp		: yes
flags		: fpu vme de pse tsc msr pae mce cx8 apic sep mtrr pge mca cmov pat pse36 clflush mmx fxsr sse sse2 syscall nx mmxext fxsr_opt pdpe1gb rdtscp lm constant_tsc rep_good nopl tsc_reliable nonstop_tsc aperfmperf pni pclmulqdq ssse3 fma cx16 sse4_1 sse4_2 x2apic popcnt aes xsave avx f16c hypervisor lahf_lm extapic cr8_legacy abm sse4a misalignsse 3dnowprefetch osvw xop fma4 tbm arat bmi1
bogomips	: 8026.91
TLB size	: 1536 4K pages
clflush size	: 64
cache_alignment	: 64
address sizes	: 42 bits physical, 48 bits virtual
power management:

processor	: 1
vendor_id	: AuthenticAMD
cpu family	: 21
model		: 2
model name	: AMD FX(tm)-8350 Eight-Core Processor           
stepping	: 0
microcode	: 0x6000822
cpu MHz		: 4013.459
cache size	: 2048 KB
physical id	: 2
siblings	: 1
core id		: 0
cpu cores	: 1
apicid		: 2
initial apicid	: 2
fpu		: yes
fpu_exception	: yes
cpuid level	: 13
wp		: yes
flags		: fpu vme de pse tsc msr pae mce cx8 apic sep mtrr pge mca cmov pat pse36 clflush mmx fxsr sse sse2 syscall nx mmxext fxsr_opt pdpe1gb rdtscp lm constant_tsc rep_good nopl tsc_reliable nonstop_tsc aperfmperf pni pclmulqdq ssse3 fma cx16 sse4_1 sse4_2 x2apic popcnt aes xsave avx f16c hypervisor lahf_lm extapic cr8_legacy abm sse4a misalignsse 3dnowprefetch osvw xop fma4 tbm arat bmi1
bogomips	: 8026.91
TLB size	: 1536 4K pages
clflush size	: 64
cache_alignment	: 64
address sizes	: 42 bits physical, 48 bits virtual
power management:



Memory: 4k page, physical 2900880k(79708k free), swap 2097148k(1335140k free)

vm_info: OpenJDK 64-Bit Server VM (25.71-b15) for linux-amd64 JRE (1.8.0_71-b15), built on Jan 21 2016 16:00:19 by "mockbuild" with gcc 4.8.5 20150623 (Red Hat 4.8.5-4)

time: Thu Mar 10 17:48:32 2016
elapsed time: 0 seconds (0d 0h 0m 0s)

